<?xml version="1.0" encoding="UTF-8"?>
<robot generator="Robot 7.1.1 (Python 3.9.6 on darwin)" generated="2024-11-18T07:06:23.012939" rpa="false" schemaversion="5">
<suite id="s1" name="Primeiro Teste" source="/Users/kaiqueyamamoto/Developer/Alura/QA/robot-framework-testes-padrao-bdd/primeiro_teste.robot">
<test id="s1-t1" name="Abrir navegador e acessar o site" line="22">
<kw name="Open Browser" owner="SeleniumLibrary">
<msg time="2024-11-18T07:06:23.625614" level="INFO">Opening browser 'Chrome' to base url 'http://localhost:3000/'.</msg>
<arg>${URL}</arg>
<arg>Chrome</arg>
<doc>Opens a new browser instance to the optional ``url``.</doc>
<status status="PASS" start="2024-11-18T07:06:23.625336" elapsed="2.061299"/>
</kw>
<status status="PASS" start="2024-11-18T07:06:23.623757" elapsed="2.063617"/>
</test>
<test id="s1-t2" name="Preencher os campos de um formulário" line="25">
<kw name="Input Text" owner="SeleniumLibrary">
<msg time="2024-11-18T07:06:25.689674" level="INFO">Typing text 'Kaique' into text field 'id:form-nome'.</msg>
<arg>id:form-nome</arg>
<arg>Kaique</arg>
<doc>Types the given ``text`` into the text field identified by ``locator``.</doc>
<status status="PASS" start="2024-11-18T07:06:25.688857" elapsed="0.245350"/>
</kw>
<kw name="Input Text" owner="SeleniumLibrary">
<msg time="2024-11-18T07:06:25.934839" level="INFO">Typing text 'Dev' into text field 'id:form-cargo'.</msg>
<arg>id:form-cargo</arg>
<arg>Dev</arg>
<doc>Types the given ``text`` into the text field identified by ``locator``.</doc>
<status status="PASS" start="2024-11-18T07:06:25.934548" elapsed="0.077112"/>
</kw>
<kw name="Input Text" owner="SeleniumLibrary">
<msg time="2024-11-18T07:06:26.013101" level="INFO">Typing text 'https://picsum.photos/200/300' into text field 'id:form-imagem'.</msg>
<arg>id:form-imagem</arg>
<arg>${IMAGE}</arg>
<doc>Types the given ``text`` into the text field identified by ``locator``.</doc>
<status status="PASS" start="2024-11-18T07:06:26.012465" elapsed="0.107033"/>
</kw>
<kw name="Click Element" owner="SeleniumLibrary">
<msg time="2024-11-18T07:06:26.120314" level="INFO">Clicking element 'class:lista-suspensa'.</msg>
<arg>class:lista-suspensa</arg>
<doc>Click the element identified by ``locator``.</doc>
<status status="PASS" start="2024-11-18T07:06:26.119943" elapsed="0.116671"/>
</kw>
<kw name="Click Element" owner="SeleniumLibrary">
<msg time="2024-11-18T07:06:26.237314" level="INFO">Clicking element '//option[contains(.,'Programação')]'.</msg>
<arg>//option[contains(.,'Programação')]</arg>
<doc>Click the element identified by ``locator``.</doc>
<status status="PASS" start="2024-11-18T07:06:26.236991" elapsed="0.053091"/>
</kw>
<kw name="Sleep" owner="BuiltIn">
<msg time="2024-11-18T07:06:36.291097" level="INFO">Slept 10 seconds.</msg>
<arg>10s</arg>
<doc>Pauses the test executed for the given time.</doc>
<status status="PASS" start="2024-11-18T07:06:26.290432" elapsed="10.000826"/>
</kw>
<kw name="Close Browser" owner="SeleniumLibrary" type="TEARDOWN">
<doc>Closes the current browser.</doc>
<status status="PASS" start="2024-11-18T07:06:36.291784" elapsed="0.160082"/>
</kw>
<status status="PASS" start="2024-11-18T07:06:25.687813" elapsed="10.764329"/>
</test>
<status status="PASS" start="2024-11-18T07:06:23.014104" elapsed="13.438888"/>
</suite>
<statistics>
<total>
<stat pass="2" fail="0" skip="0">All Tests</stat>
</total>
<tag>
</tag>
<suite>
<stat pass="2" fail="0" skip="0" id="s1" name="Primeiro Teste">Primeiro Teste</stat>
</suite>
</statistics>
<errors>
</errors>
</robot>
